<?xml version="1.0" encoding="UTF-8"?>
<!-- Generated by org.testng.reporters.JUnitXMLReporter -->
<testsuite ignored="0" hostname="YAGAR-LENOVO" failures="0" tests="3" name="Default test" time="40.386" errors="0" timestamp="2021-03-20T12:09:46 EDT">
  <testcase classname="com.qa.ispeakBetter.test.LoginParallelTest" name="createContactsTest" time="1.758"/>
  <testcase classname="com.qa.ispeakBetter.test.LoginParallelTest" name="createContactsTest" time="0.954"/>
  <testcase classname="com.qa.ispeakBetter.test.LoginParallelTest" name="createContactsTest" time="1.0"/>
</testsuite> <!-- Default test -->
